<?xml version="1.0" encoding="UTF-8"?>
<!-- Generated by org.testng.reporters.JUnitReportReporter -->
<testsuite hostname="DESKTOP-52C1ANV" failures="0" tests="1" name="testCases.TC_LoginTest_001" time="0.016" errors="0" timestamp="2022-06-21T22:32:53 AMT" skipped="0">
  <testcase classname="testCases.TC_LoginTest_001" name="testLogin" time="0.016"/>
  <system-out/>
</testsuite> <!-- testCases.TC_LoginTest_001 -->
