<?xml version="1.0" encoding="UTF-8"?>
<!-- Generated by org.testng.reporters.JUnitReportReporter -->
<testsuite hostname="DESKTOP-52C1ANV" failures="0" tests="1" name="testCases.TC_AddNewCustomer_003" time="0.001" errors="0" timestamp="2022-06-21T22:32:53 AMT" skipped="0">
  <testcase classname="testCases.TC_AddNewCustomer_003" name="addCustomer" time="0.001"/>
  <system-out/>
</testsuite> <!-- testCases.TC_AddNewCustomer_003 -->
