<?xml version="1.0" encoding="UTF-8"?>
<!-- Generated by org.testng.reporters.JUnitReportReporter -->
<testsuite hostname="DESKTOP-52C1ANV" failures="0" tests="1" name="testCases.TC_LoginDDT_002" time="0.002" errors="0" timestamp="2022-06-21T22:32:53 AMT" skipped="0">
  <testcase classname="testCases.TC_LoginDDT_002" name="test" time="0.002"/>
  <system-out/>
</testsuite> <!-- testCases.TC_LoginDDT_002 -->
